# JRE version: OpenJDK Runtime Environment (21.0.5) (build 21.0.5+-12932927-b750.29)
# Java VM: OpenJDK 64-Bit Server VM (21.0.5+-12932927-b750.29, mixed mode, tiered, compressed oops, compressed class ptrs, g1 gc, windows-amd64)
GC Precious Log:
 CardTable entry size: 512
 Card Set container configuration: InlinePtr #cards 5 size 8 Array Of Cards #cards 12 size 40 Howl #buckets 4 coarsen threshold 1843 Howl Bitmap #cards 512 size 80 coarsen threshold 460 Card regions per heap region 1 cards per card region 2048
 CPUs: 22 total, 22 available
 Memory: 15741M
 Large Page Support: Disabled
 NUMA Support: Disabled
 Compressed Oops: Enabled (32-bit)
 Heap Region Size: 1M
 Heap Min Capacity: 8M
 Heap Initial Capacity: 246M
 Heap Max Capacity: 2G
 Pre-touch: Disabled
 Parallel Workers: 16
 Concurrent Workers: 4
 Concurrent Refinement Workers: 16
 Periodic GC: Disabled
Heap:
 garbage-first heap   total 424960K, used 298958K [0x0000000080000000, 0x0000000100000000)
  region size 1024K, 51 young (52224K), 9 survivors (9216K)
 Metaspace       used 207904K, committed 210112K, reserved 1245184K
  class space    used 25371K, committed 26816K, reserved 1048576K
GC Heap History (20 events):
Event: 73.953 GC heap before
{Heap before GC invocations=66 (full 0):
 garbage-first heap   total 345088K, used 296694K [0x0000000080000000, 0x0000000100000000)
  region size 1024K, 96 young (98304K), 7 survivors (7168K)
 Metaspace       used 180514K, committed 183232K, reserved 1245184K
  class space    used 22737K, committed 24064K, reserved 1048576K
}
Event: 73.962 GC heap after
{Heap after GC invocations=67 (full 0):
 garbage-first heap   total 345088K, used 207028K [0x0000000080000000, 0x0000000100000000)
  region size 1024K, 4 young (4096K), 4 survivors (4096K)
 Metaspace       used 180514K, committed 183232K, reserved 1245184K
  class space    used 22737K, committed 24064K, reserved 1048576K
}
Event: 78.365 GC heap before
{Heap before GC invocations=67 (full 0):
 garbage-first heap   total 345088K, used 314548K [0x0000000080000000, 0x0000000100000000)
  region size 1024K, 110 young (112640K), 4 survivors (4096K)
 Metaspace       used 186154K, committed 188992K, reserved 1245184K
  class space    used 23407K, committed 24832K, reserved 1048576K
}
Event: 78.409 GC heap after
{Heap after GC invocations=68 (full 0):
 garbage-first heap   total 345088K, used 215795K [0x0000000080000000, 0x0000000100000000)
  region size 1024K, 14 young (14336K), 14 survivors (14336K)
 Metaspace       used 186154K, committed 188992K, reserved 1245184K
  class space    used 23407K, committed 24832K, reserved 1048576K
}
Event: 84.513 GC heap before
{Heap before GC invocations=68 (full 0):
 garbage-first heap   total 345088K, used 311027K [0x0000000080000000, 0x0000000100000000)
  region size 1024K, 108 young (110592K), 14 survivors (14336K)
 Metaspace       used 196323K, committed 199104K, reserved 1245184K
  class space    used 24537K, committed 25920K, reserved 1048576K
}
Event: 84.525 GC heap after
{Heap after GC invocations=69 (full 0):
 garbage-first heap   total 345088K, used 220863K [0x0000000080000000, 0x0000000100000000)
  region size 1024K, 6 young (6144K), 6 survivors (6144K)
 Metaspace       used 196323K, committed 199104K, reserved 1245184K
  class space    used 24537K, committed 25920K, reserved 1048576K
}
Event: 4548.375 GC heap before
{Heap before GC invocations=70 (full 0):
 garbage-first heap   total 368640K, used 318143K [0x0000000080000000, 0x0000000100000000)
  region size 1024K, 102 young (104448K), 6 survivors (6144K)
 Metaspace       used 197128K, committed 200000K, reserved 1245184K
  class space    used 24580K, committed 26048K, reserved 1048576K
}
Event: 4548.396 GC heap after
{Heap after GC invocations=71 (full 0):
 garbage-first heap   total 368640K, used 220245K [0x0000000080000000, 0x0000000100000000)
  region size 1024K, 6 young (6144K), 6 survivors (6144K)
 Metaspace       used 197128K, committed 200000K, reserved 1245184K
  class space    used 24580K, committed 26048K, reserved 1048576K
}
Event: 5412.349 GC heap before
{Heap before GC invocations=71 (full 0):
 garbage-first heap   total 368640K, used 339029K [0x0000000080000000, 0x0000000100000000)
  region size 1024K, 123 young (125952K), 6 survivors (6144K)
 Metaspace       used 199701K, committed 202560K, reserved 1245184K
  class space    used 24918K, committed 26368K, reserved 1048576K
}
Event: 5412.356 GC heap after
{Heap after GC invocations=72 (full 0):
 garbage-first heap   total 368640K, used 224526K [0x0000000080000000, 0x0000000100000000)
  region size 1024K, 13 young (13312K), 13 survivors (13312K)
 Metaspace       used 199701K, committed 202560K, reserved 1245184K
  class space    used 24918K, committed 26368K, reserved 1048576K
}
Event: 5413.233 GC heap before
{Heap before GC invocations=72 (full 0):
 garbage-first heap   total 368640K, used 303374K [0x0000000080000000, 0x0000000100000000)
  region size 1024K, 92 young (94208K), 13 survivors (13312K)
 Metaspace       used 202699K, committed 205568K, reserved 1245184K
  class space    used 25304K, committed 26752K, reserved 1048576K
}
Event: 5413.240 GC heap after
{Heap after GC invocations=73 (full 0):
 garbage-first heap   total 368640K, used 237964K [0x0000000080000000, 0x0000000100000000)
  region size 1024K, 16 young (16384K), 16 survivors (16384K)
 Metaspace       used 202699K, committed 205568K, reserved 1245184K
  class space    used 25304K, committed 26752K, reserved 1048576K
}
Event: 5414.103 GC heap before
{Heap before GC invocations=74 (full 0):
 garbage-first heap   total 413696K, used 361868K [0x0000000080000000, 0x0000000100000000)
  region size 1024K, 106 young (108544K), 16 survivors (16384K)
 Metaspace       used 200102K, committed 205760K, reserved 1245184K
  class space    used 24548K, committed 26752K, reserved 1048576K
}
Event: 5414.116 GC heap after
{Heap after GC invocations=75 (full 0):
 garbage-first heap   total 413696K, used 261909K [0x0000000080000000, 0x0000000100000000)
  region size 1024K, 14 young (14336K), 14 survivors (14336K)
 Metaspace       used 200102K, committed 205760K, reserved 1245184K
  class space    used 24548K, committed 26752K, reserved 1048576K
}
Event: 5414.640 GC heap before
{Heap before GC invocations=75 (full 0):
 garbage-first heap   total 413696K, used 362261K [0x0000000080000000, 0x0000000100000000)
  region size 1024K, 112 young (114688K), 14 survivors (14336K)
 Metaspace       used 203403K, committed 206656K, reserved 1245184K
  class space    used 24846K, committed 26752K, reserved 1048576K
}
Event: 5414.653 GC heap after
{Heap after GC invocations=76 (full 0):
 garbage-first heap   total 413696K, used 265921K [0x0000000080000000, 0x0000000100000000)
  region size 1024K, 13 young (13312K), 13 survivors (13312K)
 Metaspace       used 203403K, committed 206656K, reserved 1245184K
  class space    used 24846K, committed 26752K, reserved 1048576K
}
Event: 5415.242 GC heap before
{Heap before GC invocations=76 (full 0):
 garbage-first heap   total 413696K, used 365249K [0x0000000080000000, 0x0000000100000000)
  region size 1024K, 111 young (113664K), 13 survivors (13312K)
 Metaspace       used 205864K, committed 208320K, reserved 1245184K
  class space    used 25124K, committed 26816K, reserved 1048576K
}
Event: 5415.246 GC heap after
{Heap after GC invocations=77 (full 0):
 garbage-first heap   total 413696K, used 260994K [0x0000000080000000, 0x0000000100000000)
  region size 1024K, 6 young (6144K), 6 survivors (6144K)
 Metaspace       used 205864K, committed 208320K, reserved 1245184K
  class space    used 25124K, committed 26816K, reserved 1048576K
}
Event: 6798.831 GC heap before
{Heap before GC invocations=78 (full 0):
 garbage-first heap   total 424960K, used 359298K [0x0000000080000000, 0x0000000100000000)
  region size 1024K, 110 young (112640K), 6 survivors (6144K)
 Metaspace       used 207697K, committed 209856K, reserved 1245184K
  class space    used 25334K, committed 26816K, reserved 1048576K
}
Event: 6799.034 GC heap after
{Heap after GC invocations=79 (full 0):
 garbage-first heap   total 424960K, used 256974K [0x0000000080000000, 0x0000000100000000)
  region size 1024K, 9 young (9216K), 9 survivors (9216K)
 Metaspace       used 207697K, committed 209856K, reserved 1245184K
  class space    used 25334K, committed 26816K, reserved 1048576K
}

